2023/07/11 15:58:42 [emerg] 1#1: "access_log" directive is not allowed here in /etc/nginx/nginx.conf:5
2023/07/11 15:58:43 [emerg] 1#1: "access_log" directive is not allowed here in /etc/nginx/nginx.conf:5
2023/07/11 15:58:43 [emerg] 1#1: "access_log" directive is not allowed here in /etc/nginx/nginx.conf:5
2023/07/11 15:58:44 [emerg] 1#1: "access_log" directive is not allowed here in /etc/nginx/nginx.conf:5
2023/07/11 15:58:45 [emerg] 1#1: "access_log" directive is not allowed here in /etc/nginx/nginx.conf:5
2023/07/11 15:58:47 [emerg] 1#1: "access_log" directive is not allowed here in /etc/nginx/nginx.conf:5
2023/07/11 15:58:51 [emerg] 1#1: "access_log" directive is not allowed here in /etc/nginx/nginx.conf:5
2023/07/11 15:58:57 [emerg] 1#1: "access_log" directive is not allowed here in /etc/nginx/nginx.conf:5
2023/07/11 15:59:11 [emerg] 1#1: "access_log" directive is not allowed here in /etc/nginx/nginx.conf:5
2023/07/11 15:59:37 [emerg] 1#1: "access_log" directive is not allowed here in /etc/nginx/nginx.conf:5
2023/07/12 12:12:05 [emerg] 1#1: "access_log" directive is not allowed here in /etc/nginx/nginx.conf:5
2023/07/12 12:12:28 [emerg] 1#1: "access_log" directive is not allowed here in /etc/nginx/nginx.conf:5
2023/07/12 12:12:43 [emerg] 1#1: "access_log" directive is not allowed here in /etc/nginx/nginx.conf:5
2023/07/12 12:13:06 [emerg] 1#1: "access_log" directive is not allowed here in /etc/nginx/nginx.conf:5
2023/07/12 12:13:33 [emerg] 1#1: "access_log" directive is not allowed here in /etc/nginx/nginx.conf:5
2023/07/12 12:13:58 [emerg] 1#1: "access_log" directive is not allowed here in /etc/nginx/nginx.conf:5
2023/07/12 12:14:16 [emerg] 1#1: "access_log" directive is not allowed here in /etc/nginx/nginx.conf:5
2023/07/12 12:14:38 [emerg] 1#1: "access_log" directive is not allowed here in /etc/nginx/nginx.conf:5
2023/07/12 12:15:05 [emerg] 1#1: "access_log" directive is not allowed here in /etc/nginx/nginx.conf:5
2023/07/12 12:15:37 [emerg] 1#1: "access_log" directive is not allowed here in /etc/nginx/nginx.conf:5
2023/07/12 12:16:35 [emerg] 1#1: "access_log" directive is not allowed here in /etc/nginx/nginx.conf:5
2023/07/12 12:17:43 [emerg] 1#1: "access_log" directive is not allowed here in /etc/nginx/nginx.conf:5
2023/07/12 12:18:48 [emerg] 1#1: "access_log" directive is not allowed here in /etc/nginx/nginx.conf:5
2023/07/12 12:19:55 [emerg] 1#1: "access_log" directive is not allowed here in /etc/nginx/nginx.conf:5
2023/07/12 12:21:02 [emerg] 1#1: "access_log" directive is not allowed here in /etc/nginx/nginx.conf:5
2023/07/12 12:22:08 [emerg] 1#1: "access_log" directive is not allowed here in /etc/nginx/nginx.conf:5
2023/07/12 12:23:14 [emerg] 1#1: "access_log" directive is not allowed here in /etc/nginx/nginx.conf:5
2023/07/12 12:24:19 [emerg] 1#1: "access_log" directive is not allowed here in /etc/nginx/nginx.conf:5
2023/07/12 12:25:32 [emerg] 1#1: "access_log" directive is not allowed here in /etc/nginx/nginx.conf:5
2023/07/12 12:25:57 [emerg] 1#1: "access_log" directive is not allowed here in /etc/nginx/nginx.conf:5
2023/07/12 12:26:27 [emerg] 1#1: "access_log" directive is not allowed here in /etc/nginx/nginx.conf:5
2023/07/12 13:31:10 [emerg] 1#1: "access_log" directive is not allowed here in /etc/nginx/nginx.conf:5
2023/07/12 13:31:50 [emerg] 1#1: "access_log" directive is not allowed here in /etc/nginx/nginx.conf:5
2023/07/12 13:32:22 [emerg] 1#1: "access_log" directive is not allowed here in /etc/nginx/nginx.conf:5
2023/07/12 13:32:54 [emerg] 1#1: "access_log" directive is not allowed here in /etc/nginx/nginx.conf:5
2023/07/12 13:33:25 [emerg] 1#1: "access_log" directive is not allowed here in /etc/nginx/nginx.conf:5
2023/07/12 13:33:59 [emerg] 1#1: "access_log" directive is not allowed here in /etc/nginx/nginx.conf:5
2023/07/18 10:59:45 [emerg] 1#1: host not found in upstream "mosquitto" in /etc/nginx/nginx.conf:13
2023/07/18 10:59:45 [emerg] 1#1: host not found in upstream "mosquitto" in /etc/nginx/nginx.conf:13
2023/07/18 10:59:46 [emerg] 1#1: host not found in upstream "mosquitto" in /etc/nginx/nginx.conf:13
2023/07/18 10:59:47 [emerg] 1#1: host not found in upstream "mosquitto" in /etc/nginx/nginx.conf:13
2023/07/18 10:59:48 [emerg] 1#1: host not found in upstream "mosquitto" in /etc/nginx/nginx.conf:13
2023/07/18 10:59:50 [emerg] 1#1: host not found in upstream "mosquitto" in /etc/nginx/nginx.conf:13
2023/07/18 10:59:53 [emerg] 1#1: host not found in upstream "mosquitto" in /etc/nginx/nginx.conf:13
2023/07/18 11:00:00 [emerg] 1#1: host not found in upstream "mosquitto" in /etc/nginx/nginx.conf:13
2023/07/18 11:00:13 [emerg] 1#1: host not found in upstream "mosquitto" in /etc/nginx/nginx.conf:13
2023/07/18 11:00:39 [emerg] 1#1: host not found in upstream "mosquitto" in /etc/nginx/nginx.conf:13
2023/07/18 11:01:31 [emerg] 1#1: host not found in upstream "mosquitto" in /etc/nginx/nginx.conf:13
2023/07/18 11:02:31 [emerg] 1#1: host not found in upstream "mosquitto" in /etc/nginx/nginx.conf:13
2023/07/18 11:03:31 [emerg] 1#1: host not found in upstream "mosquitto" in /etc/nginx/nginx.conf:13
2023/07/18 11:04:31 [emerg] 1#1: host not found in upstream "mosquitto" in /etc/nginx/nginx.conf:13
2023/07/18 11:05:32 [emerg] 1#1: host not found in upstream "mosquitto" in /etc/nginx/nginx.conf:13
2023/07/18 11:06:04 [emerg] 1#1: host not found in upstream "mosquitto" in /etc/nginx/nginx.conf:13
2023/07/18 11:06:05 [emerg] 1#1: host not found in upstream "mosquitto" in /etc/nginx/nginx.conf:13
2023/07/18 11:06:05 [emerg] 1#1: host not found in upstream "mosquitto" in /etc/nginx/nginx.conf:13
2023/07/18 11:06:06 [emerg] 1#1: host not found in upstream "mosquitto" in /etc/nginx/nginx.conf:13
2023/07/18 11:06:07 [emerg] 1#1: host not found in upstream "mosquitto" in /etc/nginx/nginx.conf:13
2023/07/18 11:06:09 [emerg] 1#1: host not found in upstream "mosquitto" in /etc/nginx/nginx.conf:13
2023/07/18 11:06:13 [emerg] 1#1: host not found in upstream "mosquitto" in /etc/nginx/nginx.conf:13
2023/07/18 11:06:19 [emerg] 1#1: host not found in upstream "mosquitto" in /etc/nginx/nginx.conf:13
2023/07/18 11:06:32 [emerg] 1#1: host not found in upstream "mosquitto" in /etc/nginx/nginx.conf:13
2023/07/18 11:06:50 [emerg] 1#1: host not found in upstream "mosquitto" in /etc/nginx/nginx.conf:13
2023/07/18 11:06:51 [emerg] 1#1: host not found in upstream "mosquitto" in /etc/nginx/nginx.conf:13
2023/07/18 11:06:52 [emerg] 1#1: host not found in upstream "mosquitto" in /etc/nginx/nginx.conf:13
2023/07/18 11:06:52 [emerg] 1#1: host not found in upstream "mosquitto" in /etc/nginx/nginx.conf:13
2023/07/18 11:06:54 [emerg] 1#1: host not found in upstream "mosquitto" in /etc/nginx/nginx.conf:13
2023/07/18 11:06:55 [emerg] 1#1: host not found in upstream "mosquitto" in /etc/nginx/nginx.conf:13
2023/07/18 11:06:59 [emerg] 1#1: host not found in upstream "mosquitto" in /etc/nginx/nginx.conf:13
2023/07/18 11:07:06 [emerg] 1#1: host not found in upstream "mosquitto" in /etc/nginx/nginx.conf:13
2023/07/18 11:07:19 [emerg] 1#1: host not found in upstream "mosquitto" in /etc/nginx/nginx.conf:13
2023/07/18 11:07:45 [emerg] 1#1: host not found in upstream "mosquitto" in /etc/nginx/nginx.conf:13
2023/07/18 11:08:57 [emerg] 1#1: host not found in upstream "mosquitto" in /etc/nginx/nginx.conf:13
2023/07/18 11:08:57 [emerg] 1#1: host not found in upstream "mosquitto" in /etc/nginx/nginx.conf:13
2023/07/18 11:08:58 [emerg] 1#1: host not found in upstream "mosquitto" in /etc/nginx/nginx.conf:13
2023/07/18 11:08:59 [emerg] 1#1: host not found in upstream "mosquitto" in /etc/nginx/nginx.conf:13
2023/07/18 11:09:00 [emerg] 1#1: host not found in upstream "mosquitto" in /etc/nginx/nginx.conf:13
2023/07/18 11:09:02 [emerg] 1#1: host not found in upstream "mosquitto" in /etc/nginx/nginx.conf:13
2023/07/18 11:09:05 [emerg] 1#1: host not found in upstream "mosquitto" in /etc/nginx/nginx.conf:13
2023/07/18 11:09:12 [emerg] 1#1: host not found in upstream "mosquitto" in /etc/nginx/nginx.conf:13
2023/07/18 11:09:25 [emerg] 1#1: host not found in upstream "mosquitto" in /etc/nginx/nginx.conf:13
2023/07/18 11:10:44 [emerg] 1#1: host not found in upstream "mosquitto" in /etc/nginx/nginx.conf:13
2023/07/18 11:10:45 [emerg] 1#1: host not found in upstream "mosquitto" in /etc/nginx/nginx.conf:13
2023/07/18 11:10:46 [emerg] 1#1: host not found in upstream "mosquitto" in /etc/nginx/nginx.conf:13
2023/07/18 11:10:47 [emerg] 1#1: host not found in upstream "mosquitto" in /etc/nginx/nginx.conf:13
2023/07/18 11:10:48 [emerg] 1#1: host not found in upstream "mosquitto" in /etc/nginx/nginx.conf:13
2023/07/18 11:10:50 [emerg] 1#1: host not found in upstream "mosquitto" in /etc/nginx/nginx.conf:13
2023/07/18 11:10:53 [emerg] 1#1: host not found in upstream "mosquitto" in /etc/nginx/nginx.conf:13
2023/07/18 11:11:00 [emerg] 1#1: host not found in upstream "mosquitto" in /etc/nginx/nginx.conf:13
2023/07/18 11:11:13 [emerg] 1#1: host not found in upstream "mosquitto" in /etc/nginx/nginx.conf:13
2023/07/18 11:11:39 [emerg] 1#1: host not found in upstream "mosquitto" in /etc/nginx/nginx.conf:13
2023/07/18 11:12:30 [emerg] 1#1: host not found in upstream "mosquitto" in /etc/nginx/nginx.conf:13
2023/07/18 11:13:31 [emerg] 1#1: host not found in upstream "mosquitto" in /etc/nginx/nginx.conf:13
2023/07/18 11:14:31 [emerg] 1#1: host not found in upstream "mosquitto" in /etc/nginx/nginx.conf:13
2023/07/18 11:15:31 [emerg] 1#1: host not found in upstream "mosquitto" in /etc/nginx/nginx.conf:13
2023/07/18 11:16:31 [emerg] 1#1: host not found in upstream "mosquitto" in /etc/nginx/nginx.conf:13
2023/07/18 11:17:32 [emerg] 1#1: host not found in upstream "mosquitto" in /etc/nginx/nginx.conf:13
2023/07/18 11:18:32 [emerg] 1#1: host not found in upstream "mosquitto" in /etc/nginx/nginx.conf:13
2023/07/18 11:19:32 [emerg] 1#1: host not found in upstream "mosquitto" in /etc/nginx/nginx.conf:13
2023/07/18 11:20:33 [emerg] 1#1: host not found in upstream "mosquitto" in /etc/nginx/nginx.conf:13
2023/07/18 11:21:33 [emerg] 1#1: host not found in upstream "mosquitto" in /etc/nginx/nginx.conf:13
2023/07/18 11:22:33 [emerg] 1#1: host not found in upstream "mosquitto" in /etc/nginx/nginx.conf:13
2023/07/18 11:23:34 [emerg] 1#1: host not found in upstream "mosquitto" in /etc/nginx/nginx.conf:13
2023/07/19 11:08:53 [emerg] 1#1: host not found in upstream "mosquitto" in /etc/nginx/nginx.conf:13
2023/07/19 11:08:54 [emerg] 1#1: host not found in upstream "mosquitto" in /etc/nginx/nginx.conf:13
2023/07/19 11:08:55 [emerg] 1#1: host not found in upstream "mosquitto" in /etc/nginx/nginx.conf:13
2023/07/19 11:08:55 [emerg] 1#1: host not found in upstream "mosquitto" in /etc/nginx/nginx.conf:13
2023/07/19 11:08:56 [emerg] 1#1: host not found in upstream "mosquitto" in /etc/nginx/nginx.conf:13
2023/07/19 11:08:58 [emerg] 1#1: host not found in upstream "mosquitto" in /etc/nginx/nginx.conf:13
2023/07/19 11:09:02 [emerg] 1#1: host not found in upstream "mosquitto" in /etc/nginx/nginx.conf:13
2023/07/19 11:09:09 [emerg] 1#1: host not found in upstream "mosquitto" in /etc/nginx/nginx.conf:13
2023/07/19 11:09:22 [emerg] 1#1: host not found in upstream "mosquitto" in /etc/nginx/nginx.conf:13
2023/07/19 11:09:48 [emerg] 1#1: host not found in upstream "mosquitto" in /etc/nginx/nginx.conf:13
2023/07/19 11:10:39 [emerg] 1#1: host not found in upstream "mosquitto" in /etc/nginx/nginx.conf:13
2023/07/19 11:11:39 [emerg] 1#1: host not found in upstream "mosquitto" in /etc/nginx/nginx.conf:13
2023/07/19 11:12:40 [emerg] 1#1: host not found in upstream "mosquitto" in /etc/nginx/nginx.conf:13
2023/07/19 11:13:40 [emerg] 1#1: host not found in upstream "mosquitto" in /etc/nginx/nginx.conf:13
2023/07/19 11:14:40 [emerg] 1#1: host not found in upstream "mosquitto" in /etc/nginx/nginx.conf:13
2023/07/19 11:15:41 [emerg] 1#1: host not found in upstream "mosquitto" in /etc/nginx/nginx.conf:13
2023/07/19 11:16:41 [emerg] 1#1: host not found in upstream "mosquitto" in /etc/nginx/nginx.conf:13
2023/07/19 11:17:41 [emerg] 1#1: host not found in upstream "mosquitto" in /etc/nginx/nginx.conf:13
2023/07/19 11:18:42 [emerg] 1#1: host not found in upstream "mosquitto" in /etc/nginx/nginx.conf:13
2023/07/19 11:19:42 [emerg] 1#1: host not found in upstream "mosquitto" in /etc/nginx/nginx.conf:13
2023/07/19 11:20:42 [emerg] 1#1: host not found in upstream "mosquitto" in /etc/nginx/nginx.conf:13
2023/07/19 11:21:42 [emerg] 1#1: host not found in upstream "mosquitto" in /etc/nginx/nginx.conf:13
2023/07/19 11:22:43 [emerg] 1#1: host not found in upstream "mosquitto" in /etc/nginx/nginx.conf:13
2023/07/19 11:23:43 [emerg] 1#1: host not found in upstream "mosquitto" in /etc/nginx/nginx.conf:13
2023/07/19 11:24:43 [emerg] 1#1: host not found in upstream "mosquitto" in /etc/nginx/nginx.conf:13
2023/07/19 11:25:44 [emerg] 1#1: host not found in upstream "mosquitto" in /etc/nginx/nginx.conf:13
2023/07/19 11:26:44 [emerg] 1#1: host not found in upstream "mosquitto" in /etc/nginx/nginx.conf:13
2023/07/19 11:27:44 [emerg] 1#1: host not found in upstream "mosquitto" in /etc/nginx/nginx.conf:13
2023/07/19 13:18:34 [error] 22#22: *1 "/etc/nginx/html/index.html" is not found (2: No such file or directory), client: 10.0.41.122, server: , request: "GET / HTTP/1.1", host: "10.0.41.59"
2023/07/19 13:18:34 [error] 22#22: *1 open() "/etc/nginx/html/favicon.ico" failed (2: No such file or directory), client: 10.0.41.122, server: , request: "GET /favicon.ico HTTP/1.1", host: "10.0.41.59", referrer: "http://10.0.41.59/"
2023/07/20 09:59:34 [emerg] 1#1: host not found in upstream "mosquitto" in /etc/nginx/nginx.conf:13
2023/07/20 09:59:34 [emerg] 1#1: host not found in upstream "mosquitto" in /etc/nginx/nginx.conf:13
2023/07/20 09:59:35 [emerg] 1#1: host not found in upstream "mosquitto" in /etc/nginx/nginx.conf:13
2023/07/20 09:59:36 [emerg] 1#1: host not found in upstream "mosquitto" in /etc/nginx/nginx.conf:13
2023/07/20 09:59:37 [emerg] 1#1: host not found in upstream "mosquitto" in /etc/nginx/nginx.conf:13
2023/07/20 09:59:39 [emerg] 1#1: host not found in upstream "mosquitto" in /etc/nginx/nginx.conf:13
2023/07/20 09:59:42 [emerg] 1#1: host not found in upstream "mosquitto" in /etc/nginx/nginx.conf:13
2023/07/20 09:59:49 [emerg] 1#1: host not found in upstream "mosquitto" in /etc/nginx/nginx.conf:13
2023/07/20 10:00:03 [emerg] 1#1: host not found in upstream "mosquitto" in /etc/nginx/nginx.conf:13
2023/07/20 10:00:29 [emerg] 1#1: host not found in upstream "mosquitto" in /etc/nginx/nginx.conf:13
2023/07/20 10:01:20 [emerg] 1#1: host not found in upstream "mosquitto" in /etc/nginx/nginx.conf:13
2023/07/20 10:02:20 [emerg] 1#1: host not found in upstream "mosquitto" in /etc/nginx/nginx.conf:13
2023/07/20 10:03:21 [emerg] 1#1: host not found in upstream "mosquitto" in /etc/nginx/nginx.conf:13
2023/07/20 10:04:21 [emerg] 1#1: host not found in upstream "mosquitto" in /etc/nginx/nginx.conf:13
2023/07/20 10:05:21 [emerg] 1#1: host not found in upstream "mosquitto" in /etc/nginx/nginx.conf:13
2023/07/20 10:06:22 [emerg] 1#1: host not found in upstream "mosquitto" in /etc/nginx/nginx.conf:13
2023/07/20 10:07:22 [emerg] 1#1: host not found in upstream "mosquitto" in /etc/nginx/nginx.conf:13
2023/07/20 10:08:22 [emerg] 1#1: host not found in upstream "mosquitto" in /etc/nginx/nginx.conf:13
2023/07/20 10:09:23 [emerg] 1#1: host not found in upstream "mosquitto" in /etc/nginx/nginx.conf:13
2023/07/20 10:10:23 [emerg] 1#1: host not found in upstream "mosquitto" in /etc/nginx/nginx.conf:13
2023/07/20 10:11:23 [emerg] 1#1: host not found in upstream "mosquitto" in /etc/nginx/nginx.conf:13
2023/07/20 10:12:24 [emerg] 1#1: host not found in upstream "mosquitto" in /etc/nginx/nginx.conf:13
2023/07/20 10:13:24 [emerg] 1#1: host not found in upstream "mosquitto" in /etc/nginx/nginx.conf:13
2023/07/20 10:14:24 [emerg] 1#1: host not found in upstream "mosquitto" in /etc/nginx/nginx.conf:13
2023/07/20 10:28:20 [emerg] 1#1: host not found in upstream "mosquitto" in /etc/nginx/nginx.conf:13
2023/07/20 10:28:20 [emerg] 1#1: host not found in upstream "mosquitto" in /etc/nginx/nginx.conf:13
2023/07/20 10:28:21 [emerg] 1#1: host not found in upstream "mosquitto" in /etc/nginx/nginx.conf:13
2023/07/20 10:28:22 [emerg] 1#1: host not found in upstream "mosquitto" in /etc/nginx/nginx.conf:13
2023/07/20 10:28:23 [emerg] 1#1: host not found in upstream "mosquitto" in /etc/nginx/nginx.conf:13
2023/07/20 10:28:25 [emerg] 1#1: host not found in upstream "mosquitto" in /etc/nginx/nginx.conf:13
2023/07/20 13:01:11 [error] 22#22: *1 open() "/etc/nginx/html/123_s.jpg" failed (2: No such file or directory), client: 192.168.220.1, server: , request: "GET /123_s.jpg HTTP/1.1", host: "localhost"
2023/07/21 10:08:03 [emerg] 1#1: host not found in upstream "mosquitto" in /etc/nginx/nginx.conf:13
2023/07/21 10:08:04 [emerg] 1#1: host not found in upstream "mosquitto" in /etc/nginx/nginx.conf:13
2023/07/21 10:08:04 [emerg] 1#1: host not found in upstream "mosquitto" in /etc/nginx/nginx.conf:13
2023/07/21 10:08:05 [emerg] 1#1: host not found in upstream "mosquitto" in /etc/nginx/nginx.conf:13
2023/07/21 10:08:06 [emerg] 1#1: host not found in upstream "mosquitto" in /etc/nginx/nginx.conf:13
2023/07/21 10:08:08 [emerg] 1#1: host not found in upstream "mosquitto" in /etc/nginx/nginx.conf:13
2023/07/21 10:08:11 [emerg] 1#1: host not found in upstream "mosquitto" in /etc/nginx/nginx.conf:13
2023/07/21 10:08:18 [emerg] 1#1: host not found in upstream "mosquitto" in /etc/nginx/nginx.conf:13
2023/07/21 10:08:31 [emerg] 1#1: host not found in upstream "mosquitto" in /etc/nginx/nginx.conf:13
2023/07/21 10:08:57 [emerg] 1#1: host not found in upstream "mosquitto" in /etc/nginx/nginx.conf:13
2023/07/21 10:09:48 [emerg] 1#1: host not found in upstream "mosquitto" in /etc/nginx/nginx.conf:13
2023/07/21 10:10:48 [emerg] 1#1: host not found in upstream "mosquitto" in /etc/nginx/nginx.conf:13
2023/07/21 10:11:49 [emerg] 1#1: host not found in upstream "mosquitto" in /etc/nginx/nginx.conf:13
2023/07/21 10:12:49 [emerg] 1#1: host not found in upstream "mosquitto" in /etc/nginx/nginx.conf:13
2023/07/21 10:13:49 [emerg] 1#1: host not found in upstream "mosquitto" in /etc/nginx/nginx.conf:13
2023/07/21 10:14:49 [emerg] 1#1: host not found in upstream "mosquitto" in /etc/nginx/nginx.conf:13
2023/07/21 10:15:50 [emerg] 1#1: host not found in upstream "mosquitto" in /etc/nginx/nginx.conf:13
2023/07/21 10:16:50 [emerg] 1#1: host not found in upstream "mosquitto" in /etc/nginx/nginx.conf:13
2023/07/21 10:17:50 [emerg] 1#1: host not found in upstream "mosquitto" in /etc/nginx/nginx.conf:13
2023/07/21 10:18:51 [emerg] 1#1: host not found in upstream "mosquitto" in /etc/nginx/nginx.conf:13
2023/07/21 10:19:51 [emerg] 1#1: host not found in upstream "mosquitto" in /etc/nginx/nginx.conf:13
2023/07/21 10:20:51 [emerg] 1#1: host not found in upstream "mosquitto" in /etc/nginx/nginx.conf:13
2023/07/21 10:21:51 [emerg] 1#1: host not found in upstream "mosquitto" in /etc/nginx/nginx.conf:13
2023/07/21 10:22:52 [emerg] 1#1: host not found in upstream "mosquitto" in /etc/nginx/nginx.conf:13
2023/07/21 10:23:52 [emerg] 1#1: host not found in upstream "mosquitto" in /etc/nginx/nginx.conf:13
2023/07/21 10:24:52 [emerg] 1#1: host not found in upstream "mosquitto" in /etc/nginx/nginx.conf:13
2023/07/21 10:25:53 [emerg] 1#1: host not found in upstream "mosquitto" in /etc/nginx/nginx.conf:13
2023/07/21 10:26:53 [emerg] 1#1: host not found in upstream "mosquitto" in /etc/nginx/nginx.conf:13
2023/07/21 10:27:53 [emerg] 1#1: host not found in upstream "mosquitto" in /etc/nginx/nginx.conf:13
2023/07/21 10:28:53 [emerg] 1#1: host not found in upstream "mosquitto" in /etc/nginx/nginx.conf:13
2023/07/21 10:29:54 [emerg] 1#1: host not found in upstream "mosquitto" in /etc/nginx/nginx.conf:13
2023/07/21 10:30:54 [emerg] 1#1: host not found in upstream "mosquitto" in /etc/nginx/nginx.conf:13
2023/07/21 10:31:54 [emerg] 1#1: host not found in upstream "mosquitto" in /etc/nginx/nginx.conf:13
2023/07/21 10:32:55 [emerg] 1#1: host not found in upstream "mosquitto" in /etc/nginx/nginx.conf:13
2023/07/21 10:33:55 [emerg] 1#1: host not found in upstream "mosquitto" in /etc/nginx/nginx.conf:13
2023/07/21 10:34:55 [emerg] 1#1: host not found in upstream "mosquitto" in /etc/nginx/nginx.conf:13
2023/07/21 10:35:56 [emerg] 1#1: host not found in upstream "mosquitto" in /etc/nginx/nginx.conf:13
2023/07/21 10:36:56 [emerg] 1#1: host not found in upstream "mosquitto" in /etc/nginx/nginx.conf:13
2023/07/21 10:37:56 [emerg] 1#1: host not found in upstream "mosquitto" in /etc/nginx/nginx.conf:13
2023/07/21 10:38:56 [emerg] 1#1: host not found in upstream "mosquitto" in /etc/nginx/nginx.conf:13
2023/07/21 10:39:57 [emerg] 1#1: host not found in upstream "mosquitto" in /etc/nginx/nginx.conf:13
2023/07/21 10:40:57 [emerg] 1#1: host not found in upstream "mosquitto" in /etc/nginx/nginx.conf:13
2023/07/21 10:41:57 [emerg] 1#1: host not found in upstream "mosquitto" in /etc/nginx/nginx.conf:13
2023/07/21 10:42:58 [emerg] 1#1: host not found in upstream "mosquitto" in /etc/nginx/nginx.conf:13
2023/07/21 10:43:58 [emerg] 1#1: host not found in upstream "mosquitto" in /etc/nginx/nginx.conf:13
2023/07/21 10:44:58 [emerg] 1#1: host not found in upstream "mosquitto" in /etc/nginx/nginx.conf:13
2023/07/21 10:45:58 [emerg] 1#1: host not found in upstream "mosquitto" in /etc/nginx/nginx.conf:13
2023/07/21 10:46:59 [emerg] 1#1: host not found in upstream "mosquitto" in /etc/nginx/nginx.conf:13
2023/07/21 10:47:59 [emerg] 1#1: host not found in upstream "mosquitto" in /etc/nginx/nginx.conf:13
2023/07/21 10:48:59 [emerg] 1#1: host not found in upstream "mosquitto" in /etc/nginx/nginx.conf:13
2023/07/21 10:50:00 [emerg] 1#1: host not found in upstream "mosquitto" in /etc/nginx/nginx.conf:13
2023/07/21 10:51:00 [emerg] 1#1: host not found in upstream "mosquitto" in /etc/nginx/nginx.conf:13
2023/07/21 10:52:00 [emerg] 1#1: host not found in upstream "mosquitto" in /etc/nginx/nginx.conf:13
2023/07/21 10:53:01 [emerg] 1#1: host not found in upstream "mosquitto" in /etc/nginx/nginx.conf:13
2023/07/21 10:54:01 [emerg] 1#1: host not found in upstream "mosquitto" in /etc/nginx/nginx.conf:13
2023/07/21 10:55:01 [emerg] 1#1: host not found in upstream "mosquitto" in /etc/nginx/nginx.conf:13
2023/07/21 10:56:02 [emerg] 1#1: host not found in upstream "mosquitto" in /etc/nginx/nginx.conf:13
2023/07/21 10:57:02 [emerg] 1#1: host not found in upstream "mosquitto" in /etc/nginx/nginx.conf:13
2023/07/22 17:27:14 [emerg] 1#1: host not found in upstream "mosquitto" in /etc/nginx/nginx.conf:13
2023/07/22 17:27:14 [emerg] 1#1: host not found in upstream "mosquitto" in /etc/nginx/nginx.conf:13
2023/07/22 17:27:15 [emerg] 1#1: host not found in upstream "mosquitto" in /etc/nginx/nginx.conf:13
2023/07/22 17:27:16 [emerg] 1#1: host not found in upstream "mosquitto" in /etc/nginx/nginx.conf:13
2023/07/22 17:27:17 [emerg] 1#1: host not found in upstream "mosquitto" in /etc/nginx/nginx.conf:13
2023/07/22 17:27:19 [emerg] 1#1: host not found in upstream "mosquitto" in /etc/nginx/nginx.conf:13
2023/07/22 17:27:22 [emerg] 1#1: host not found in upstream "mosquitto" in /etc/nginx/nginx.conf:13
2023/07/22 17:27:29 [emerg] 1#1: host not found in upstream "mosquitto" in /etc/nginx/nginx.conf:13
2023/07/22 17:27:42 [emerg] 1#1: host not found in upstream "mosquitto" in /etc/nginx/nginx.conf:13
2023/07/22 17:28:08 [emerg] 1#1: host not found in upstream "mosquitto" in /etc/nginx/nginx.conf:13
2023/07/22 17:28:59 [emerg] 1#1: host not found in upstream "mosquitto" in /etc/nginx/nginx.conf:13
2023/07/22 17:30:00 [emerg] 1#1: host not found in upstream "mosquitto" in /etc/nginx/nginx.conf:13
2023/07/22 17:31:00 [emerg] 1#1: host not found in upstream "mosquitto" in /etc/nginx/nginx.conf:13
2023/07/22 17:32:00 [emerg] 1#1: host not found in upstream "mosquitto" in /etc/nginx/nginx.conf:13
2023/07/22 17:33:01 [emerg] 1#1: host not found in upstream "mosquitto" in /etc/nginx/nginx.conf:13
2023/07/22 17:34:01 [emerg] 1#1: host not found in upstream "mosquitto" in /etc/nginx/nginx.conf:13
2023/07/22 17:35:01 [emerg] 1#1: host not found in upstream "mosquitto" in /etc/nginx/nginx.conf:13
2023/07/22 17:36:02 [emerg] 1#1: host not found in upstream "mosquitto" in /etc/nginx/nginx.conf:13
2023/07/22 17:37:02 [emerg] 1#1: host not found in upstream "mosquitto" in /etc/nginx/nginx.conf:13
2023/07/22 17:38:02 [emerg] 1#1: host not found in upstream "mosquitto" in /etc/nginx/nginx.conf:13
2023/07/22 17:39:02 [emerg] 1#1: host not found in upstream "mosquitto" in /etc/nginx/nginx.conf:13
2023/07/22 21:33:57 [emerg] 1#1: host not found in upstream "mosquitto" in /etc/nginx/nginx.conf:13
2023/07/22 21:33:57 [emerg] 1#1: host not found in upstream "mosquitto" in /etc/nginx/nginx.conf:13
2023/07/22 21:33:58 [emerg] 1#1: host not found in upstream "mosquitto" in /etc/nginx/nginx.conf:13
2023/07/22 21:33:59 [emerg] 1#1: host not found in upstream "mosquitto" in /etc/nginx/nginx.conf:13
2023/07/22 21:34:00 [emerg] 1#1: host not found in upstream "mosquitto" in /etc/nginx/nginx.conf:13
2023/07/22 21:34:02 [emerg] 1#1: host not found in upstream "mosquitto" in /etc/nginx/nginx.conf:13
2023/07/22 21:34:06 [emerg] 1#1: host not found in upstream "mosquitto" in /etc/nginx/nginx.conf:13
2023/07/22 21:34:12 [emerg] 1#1: host not found in upstream "mosquitto" in /etc/nginx/nginx.conf:13
2023/07/22 21:34:26 [emerg] 1#1: host not found in upstream "mosquitto" in /etc/nginx/nginx.conf:13
2023/07/22 21:34:52 [emerg] 1#1: host not found in upstream "mosquitto" in /etc/nginx/nginx.conf:13
2023/07/22 21:35:43 [emerg] 1#1: host not found in upstream "mosquitto" in /etc/nginx/nginx.conf:13
2023/07/22 21:36:44 [emerg] 1#1: host not found in upstream "mosquitto" in /etc/nginx/nginx.conf:13
2023/07/22 21:37:44 [emerg] 1#1: host not found in upstream "mosquitto" in /etc/nginx/nginx.conf:13
2023/07/22 21:38:44 [emerg] 1#1: host not found in upstream "mosquitto" in /etc/nginx/nginx.conf:13
2023/07/23 10:06:39 [emerg] 1#1: host not found in upstream "mosquitto" in /etc/nginx/nginx.conf:13
2023/07/23 10:06:40 [emerg] 1#1: host not found in upstream "mosquitto" in /etc/nginx/nginx.conf:13
2023/07/23 10:06:40 [emerg] 1#1: host not found in upstream "mosquitto" in /etc/nginx/nginx.conf:13
2023/07/23 10:06:41 [emerg] 1#1: host not found in upstream "mosquitto" in /etc/nginx/nginx.conf:13
2023/07/23 10:06:42 [emerg] 1#1: host not found in upstream "mosquitto" in /etc/nginx/nginx.conf:13
2023/07/23 10:06:44 [emerg] 1#1: host not found in upstream "mosquitto" in /etc/nginx/nginx.conf:13
2023/07/23 10:06:47 [emerg] 1#1: host not found in upstream "mosquitto" in /etc/nginx/nginx.conf:13
2023/07/23 10:06:54 [emerg] 1#1: host not found in upstream "mosquitto" in /etc/nginx/nginx.conf:13
2023/07/23 10:07:07 [emerg] 1#1: host not found in upstream "mosquitto" in /etc/nginx/nginx.conf:13
2023/07/23 10:07:33 [emerg] 1#1: host not found in upstream "mosquitto" in /etc/nginx/nginx.conf:13
2023/07/24 09:48:00 [emerg] 1#1: host not found in upstream "mosquitto" in /etc/nginx/nginx.conf:13
2023/07/24 09:48:01 [emerg] 1#1: host not found in upstream "mosquitto" in /etc/nginx/nginx.conf:13
2023/07/24 09:48:02 [emerg] 1#1: host not found in upstream "mosquitto" in /etc/nginx/nginx.conf:13
2023/07/24 09:48:02 [emerg] 1#1: host not found in upstream "mosquitto" in /etc/nginx/nginx.conf:13
2023/07/24 09:48:04 [emerg] 1#1: host not found in upstream "mosquitto" in /etc/nginx/nginx.conf:13
2023/07/24 09:48:05 [emerg] 1#1: host not found in upstream "mosquitto" in /etc/nginx/nginx.conf:13
2023/07/24 09:48:09 [emerg] 1#1: host not found in upstream "mosquitto" in /etc/nginx/nginx.conf:13
2023/07/24 09:48:16 [emerg] 1#1: host not found in upstream "mosquitto" in /etc/nginx/nginx.conf:13
2023/07/24 09:48:29 [emerg] 1#1: host not found in upstream "mosquitto" in /etc/nginx/nginx.conf:13
2023/07/24 09:48:55 [emerg] 1#1: host not found in upstream "mosquitto" in /etc/nginx/nginx.conf:13
2023/07/24 09:49:46 [emerg] 1#1: host not found in upstream "mosquitto" in /etc/nginx/nginx.conf:13
2023/07/24 09:50:46 [emerg] 1#1: host not found in upstream "mosquitto" in /etc/nginx/nginx.conf:13
2023/07/24 09:51:47 [emerg] 1#1: host not found in upstream "mosquitto" in /etc/nginx/nginx.conf:13
2023/07/24 09:52:47 [emerg] 1#1: host not found in upstream "mosquitto" in /etc/nginx/nginx.conf:13
2023/07/24 09:53:47 [emerg] 1#1: host not found in upstream "mosquitto" in /etc/nginx/nginx.conf:13
2023/07/24 09:54:47 [emerg] 1#1: host not found in upstream "mosquitto" in /etc/nginx/nginx.conf:13
2023/07/24 09:55:48 [emerg] 1#1: host not found in upstream "mosquitto" in /etc/nginx/nginx.conf:13
2023/07/24 09:56:48 [emerg] 1#1: host not found in upstream "mosquitto" in /etc/nginx/nginx.conf:13
2023/07/24 09:57:48 [emerg] 1#1: host not found in upstream "mosquitto" in /etc/nginx/nginx.conf:13
2023/07/24 09:58:49 [emerg] 1#1: host not found in upstream "mosquitto" in /etc/nginx/nginx.conf:13
2023/07/24 09:59:49 [emerg] 1#1: host not found in upstream "mosquitto" in /etc/nginx/nginx.conf:13
2023/07/24 10:00:49 [emerg] 1#1: host not found in upstream "mosquitto" in /etc/nginx/nginx.conf:13
2023/07/24 10:01:50 [emerg] 1#1: host not found in upstream "mosquitto" in /etc/nginx/nginx.conf:13
2023/07/24 10:02:50 [emerg] 1#1: host not found in upstream "mosquitto" in /etc/nginx/nginx.conf:13
2023/07/24 10:03:50 [emerg] 1#1: host not found in upstream "mosquitto" in /etc/nginx/nginx.conf:13
2023/07/24 10:04:50 [emerg] 1#1: host not found in upstream "mosquitto" in /etc/nginx/nginx.conf:13
2023/07/24 10:05:51 [emerg] 1#1: host not found in upstream "mosquitto" in /etc/nginx/nginx.conf:13
2023/07/24 10:06:51 [emerg] 1#1: host not found in upstream "mosquitto" in /etc/nginx/nginx.conf:13
2023/07/24 10:07:51 [emerg] 1#1: host not found in upstream "mosquitto" in /etc/nginx/nginx.conf:13
2023/07/24 10:08:52 [emerg] 1#1: host not found in upstream "mosquitto" in /etc/nginx/nginx.conf:13
2023/07/24 10:09:52 [emerg] 1#1: host not found in upstream "mosquitto" in /etc/nginx/nginx.conf:13
2023/07/24 10:10:52 [emerg] 1#1: host not found in upstream "mosquitto" in /etc/nginx/nginx.conf:13
2023/07/24 10:11:52 [emerg] 1#1: host not found in upstream "mosquitto" in /etc/nginx/nginx.conf:13
2023/07/24 13:02:17 [error] 22#22: *1 open() "/etc/nginx/html/device" failed (2: No such file or directory), client: 10.0.41.165, server: , request: "GET /device HTTP/1.1", host: "10.0.41.64:9090"
2023/07/24 13:02:39 [error] 22#22: *2 open() "/etc/nginx/html/device" failed (2: No such file or directory), client: 10.0.41.165, server: , request: "GET /device HTTP/1.1", host: "10.0.41.64:9090"
2023/07/24 13:05:13 [error] 22#22: *1 open() "/etc/nginx/html/device" failed (2: No such file or directory), client: 10.0.41.165, server: , request: "GET /device HTTP/1.1", host: "10.0.41.64:9090"
2023/07/24 13:11:23 [error] 22#22: *1 upstream prematurely closed connection while reading response header from upstream, client: 10.0.41.165, server: , request: "GET /device HTTP/1.1", upstream: "http://192.168.220.4:112/device", host: "10.0.41.64:9090"
2023/07/24 13:11:53 [error] 22#22: *3 upstream prematurely closed connection while reading response header from upstream, client: 10.0.41.165, server: , request: "GET /device HTTP/1.1", upstream: "http://192.168.220.4:112/device", host: "10.0.41.64:9090"
2023/07/24 13:12:07 [error] 22#22: *5 upstream prematurely closed connection while reading response header from upstream, client: 10.0.41.165, server: , request: "GET /device HTTP/1.1", upstream: "http://192.168.220.4:112/device", host: "10.0.41.64:9090"
2023/07/24 13:12:22 [error] 22#22: *7 upstream prematurely closed connection while reading response header from upstream, client: 10.0.41.165, server: , request: "GET /device HTTP/1.1", upstream: "http://192.168.220.4:112/device", host: "10.0.41.64:9090"
2023/07/24 13:15:21 [error] 22#22: *1 upstream prematurely closed connection while reading response header from upstream, client: 10.0.41.165, server: , request: "GET /device HTTP/1.1", upstream: "http://192.168.220.4:112/device", host: "10.0.41.64:9090"
2023/07/24 13:15:24 [error] 22#22: *3 upstream prematurely closed connection while reading response header from upstream, client: 10.0.41.165, server: , request: "GET /device HTTP/1.1", upstream: "http://192.168.220.4:112/device", host: "10.0.41.64:9090"
2023/07/24 13:16:25 [error] 22#22: *5 upstream prematurely closed connection while reading response header from upstream, client: 10.0.41.165, server: , request: "GET /device HTTP/1.1", upstream: "http://192.168.220.4:112/device", host: "10.0.41.64:9090"
